10:26:25 **** Incremental Build of configuration Debug for project nhom3_day2 ****
make -j16 all 
arm-none-eabi-gcc "../Src/main2.c" -mcpu=cortex-m4 -std=gnu11 -g3 -DDEBUG -DNUCLEO_F401RE -DSTM32 -DSTM32F401RETx -DSTM32F4 -c -I../Inc -I"E:/STM/SDK_1.0.3_NUCLEO-F401RE/shared/Drivers/CMSIS/Include" -I"E:/STM/SDK_1.0.3_NUCLEO-F401RE/shared/Drivers/STM32F401RE_StdPeriph_Driver/inc" -I"E:/STM/SDK_1.0.3_NUCLEO-F401RE/shared/Middle/button" -I"E:/STM/SDK_1.0.3_NUCLEO-F401RE/shared/Middle/buzzer" -I"E:/STM/SDK_1.0.3_NUCLEO-F401RE/shared/Middle/led" -I"E:/STM/SDK_1.0.3_NUCLEO-F401RE/shared/Middle/rtos" -I"E:/STM/SDK_1.0.3_NUCLEO-F401RE/shared/Middle/sensor" -I"E:/STM/SDK_1.0.3_NUCLEO-F401RE/shared/Middle/serial" -I"E:/STM/SDK_1.0.3_NUCLEO-F401RE/shared/Middle/ucglib" -I"E:/STM/SDK_1.0.3_NUCLEO-F401RE/shared/Utilities" -O0 -ffunction-sections -fdata-sections -Wall -fstack-usage -fcyclomatic-complexity -MMD -MP -MF"Src/main2.d" -MT"Src/main2.o" --specs=nano.specs -mfpu=fpv4-sp-d16 -mfloat-abi=hard -mthumb -o "Src/main2.o"
arm-none-eabi-gcc -o "nhom3_day2.elf" @"objects.list"  -lLibraries -mcpu=cortex-m4 -T"E:\STM\BT_STM\nhom3_day2\STM32F401RETX_FLASH.ld" --specs=nosys.specs -Wl,-Map="nhom3_day2.map" -Wl,--gc-sections -static -L"E:\STM\SDK_1.0.3_NUCLEO-F401RE\lib_stm" --specs=nano.specs -mfpu=fpv4-sp-d16 -mfloat-abi=hard -mthumb -Wl,--start-group -lc -lm -Wl,--end-group
E:/STM/STM32CubeIDE_1.18.0/STM32CubeIDE/plugins/com.st.stm32cube.ide.mcu.externaltools.gnu-tools-for-stm32.13.3.rel1.win32_1.0.0.202411081344/tools/bin/../lib/gcc/arm-none-eabi/13.3.1/../../../../arm-none-eabi/bin/ld.exe: ./Src/main2.o: in function `main':
E:/STM/BT_STM/nhom3_day2/Debug/../Src/main2.c:28: multiple definition of `main'; ./Src/main.o:E:/STM/BT_STM/nhom3_day2/Debug/../Src/main.c:129: first defined here
collect2.exe: error: ld returned 1 exit status
make: *** [makefile:69: nhom3_day2.elf] Error 1
"make -j16 all" terminated with exit code 2. Build might be incomplete.

10:26:26 Build Failed. 2 errors, 0 warnings. (took 396ms)

